{"/Users/lquaintance/Desktop/open-source/pension-test/src/App.js":{"path":"/Users/lquaintance/Desktop/open-source/pension-test/src/App.js","s":{"1":1,"2":1,"3":1,"4":1,"5":1,"6":1,"7":1,"8":1,"9":1,"10":0,"11":1,"12":4,"13":1,"14":1,"15":3,"16":3,"17":1,"18":1,"19":2,"20":1,"21":3,"22":3,"23":74,"24":3,"25":1,"26":2,"27":1,"28":1,"29":4,"30":1},"b":{"1":[1,3],"2":[4,3],"3":[1,2],"4":[74,5,3],"5":[1,2],"6":[1,1],"7":[2,2]},"f":{"1":1,"2":0,"3":3,"4":4},"fnMap":{"1":{"name":"(anonymous_1)","line":10,"loc":{"start":{"line":10,"column":15},"end":{"line":10,"column":24}}},"2":{"name":"(anonymous_2)","line":19,"loc":{"start":{"line":19,"column":30},"end":{"line":19,"column":48}}},"3":{"name":"(anonymous_3)","line":43,"loc":{"start":{"line":43,"column":29},"end":{"line":43,"column":50}}},"4":{"name":"(anonymous_4)","line":62,"loc":{"start":{"line":62,"column":10},"end":{"line":62,"column":12}}}},"statementMap":{"1":{"start":{"line":3,"column":0},"end":{"line":3,"column":43}},"2":{"start":{"line":4,"column":0},"end":{"line":4,"column":28}},"3":{"start":{"line":5,"column":0},"end":{"line":5,"column":33}},"4":{"start":{"line":6,"column":0},"end":{"line":6,"column":42}},"5":{"start":{"line":12,"column":8},"end":{"line":12,"column":33}},"6":{"start":{"line":14,"column":8},"end":{"line":14,"column":39}},"7":{"start":{"line":15,"column":8},"end":{"line":15,"column":86}},"8":{"start":{"line":17,"column":8},"end":{"line":17,"column":51}},"9":{"start":{"line":19,"column":8},"end":{"line":21,"column":11}},"10":{"start":{"line":20,"column":12},"end":{"line":20,"column":35}},"11":{"start":{"line":23,"column":8},"end":{"line":38,"column":11}},"12":{"start":{"line":25,"column":12},"end":{"line":28,"column":13}},"13":{"start":{"line":26,"column":16},"end":{"line":26,"column":38}},"14":{"start":{"line":27,"column":16},"end":{"line":27,"column":23}},"15":{"start":{"line":30,"column":12},"end":{"line":30,"column":107}},"16":{"start":{"line":32,"column":12},"end":{"line":35,"column":13}},"17":{"start":{"line":33,"column":16},"end":{"line":33,"column":38}},"18":{"start":{"line":34,"column":16},"end":{"line":34,"column":23}},"19":{"start":{"line":37,"column":12},"end":{"line":37,"column":73}},"20":{"start":{"line":40,"column":8},"end":{"line":40,"column":34}},"21":{"start":{"line":45,"column":8},"end":{"line":45,"column":93}},"22":{"start":{"line":47,"column":8},"end":{"line":49,"column":11}},"23":{"start":{"line":48,"column":12},"end":{"line":48,"column":120}},"24":{"start":{"line":51,"column":8},"end":{"line":53,"column":9}},"25":{"start":{"line":52,"column":12},"end":{"line":52,"column":24}},"26":{"start":{"line":55,"column":8},"end":{"line":57,"column":9}},"27":{"start":{"line":56,"column":12},"end":{"line":56,"column":116}},"28":{"start":{"line":59,"column":8},"end":{"line":59,"column":81}},"29":{"start":{"line":63,"column":8},"end":{"line":63,"column":28}},"30":{"start":{"line":68,"column":0},"end":{"line":68,"column":21}}},"branchMap":{"1":{"line":25,"type":"if","locations":[{"start":{"line":25,"column":12},"end":{"line":25,"column":12}},{"start":{"line":25,"column":12},"end":{"line":25,"column":12}}]},"2":{"line":25,"type":"binary-expr","locations":[{"start":{"line":25,"column":15},"end":{"line":25,"column":32}},{"start":{"line":25,"column":36},"end":{"line":25,"column":58}}]},"3":{"line":32,"type":"if","locations":[{"start":{"line":32,"column":12},"end":{"line":32,"column":12}},{"start":{"line":32,"column":12},"end":{"line":32,"column":12}}]},"4":{"line":48,"type":"binary-expr","locations":[{"start":{"line":48,"column":20},"end":{"line":48,"column":50}},{"start":{"line":48,"column":54},"end":{"line":48,"column":82}},{"start":{"line":48,"column":86},"end":{"line":48,"column":118}}]},"5":{"line":51,"type":"if","locations":[{"start":{"line":51,"column":8},"end":{"line":51,"column":8}},{"start":{"line":51,"column":8},"end":{"line":51,"column":8}}]},"6":{"line":55,"type":"if","locations":[{"start":{"line":55,"column":8},"end":{"line":55,"column":8}},{"start":{"line":55,"column":8},"end":{"line":55,"column":8}}]},"7":{"line":55,"type":"binary-expr","locations":[{"start":{"line":55,"column":12},"end":{"line":55,"column":23}},{"start":{"line":55,"column":27},"end":{"line":55,"column":63}}]}}},"/Users/lquaintance/Desktop/open-source/pension-test/src/RuleLoader.js":{"path":"/Users/lquaintance/Desktop/open-source/pension-test/src/RuleLoader.js","s":{"1":1,"2":1,"3":2,"4":2,"5":2,"6":70,"7":70,"8":2,"9":70,"10":15,"11":15,"12":1},"b":{"1":[15,55],"2":[55,15]},"f":{"1":2,"2":2,"3":70,"4":15},"fnMap":{"1":{"name":"(anonymous_1)","line":8,"loc":{"start":{"line":8,"column":15},"end":{"line":8,"column":17}}},"2":{"name":"(anonymous_2)","line":10,"loc":{"start":{"line":10,"column":12},"end":{"line":10,"column":22}}},"3":{"name":"(anonymous_3)","line":32,"loc":{"start":{"line":32,"column":25},"end":{"line":32,"column":31}}},"4":{"name":"(anonymous_4)","line":36,"loc":{"start":{"line":36,"column":24},"end":{"line":36,"column":43}}}},"statementMap":{"1":{"start":{"line":3,"column":0},"end":{"line":3,"column":25}},"2":{"start":{"line":4,"column":0},"end":{"line":4,"column":33}},"3":{"start":{"line":12,"column":8},"end":{"line":12,"column":29}},"4":{"start":{"line":14,"column":8},"end":{"line":14,"column":76}},"5":{"start":{"line":16,"column":8},"end":{"line":27,"column":11}},"6":{"start":{"line":18,"column":12},"end":{"line":18,"column":41}},"7":{"start":{"line":20,"column":12},"end":{"line":26,"column":15}},"8":{"start":{"line":29,"column":8},"end":{"line":29,"column":27}},"9":{"start":{"line":33,"column":8},"end":{"line":33,"column":125}},"10":{"start":{"line":37,"column":8},"end":{"line":37,"column":59}},"11":{"start":{"line":38,"column":8},"end":{"line":38,"column":80}},"12":{"start":{"line":43,"column":0},"end":{"line":43,"column":28}}},"branchMap":{"1":{"line":24,"type":"cond-expr","locations":[{"start":{"line":24,"column":71},"end":{"line":24,"column":106}},{"start":{"line":24,"column":109},"end":{"line":24,"column":113}}]},"2":{"line":33,"type":"cond-expr","locations":[{"start":{"line":33,"column":51},"end":{"line":33,"column":118}},{"start":{"line":33,"column":121},"end":{"line":33,"column":125}}]}}}}