TN:
SF:/Users/lquaintance/Desktop/open-source/pension-test/src/App.js
FN:10,(anonymous_1)
FN:19,(anonymous_2)
FN:43,(anonymous_3)
FN:62,(anonymous_4)
FNF:4
FNH:3
FNDA:1,(anonymous_1)
FNDA:0,(anonymous_2)
FNDA:3,(anonymous_3)
FNDA:4,(anonymous_4)
DA:3,1
DA:4,1
DA:5,1
DA:6,1
DA:12,1
DA:14,1
DA:15,1
DA:17,1
DA:19,1
DA:20,0
DA:23,1
DA:25,4
DA:26,1
DA:27,1
DA:30,3
DA:32,3
DA:33,1
DA:34,1
DA:37,2
DA:40,1
DA:45,3
DA:47,3
DA:48,74
DA:51,3
DA:52,1
DA:55,2
DA:56,1
DA:59,1
DA:63,4
DA:68,1
LF:30
LH:29
BRDA:25,1,0,1
BRDA:25,1,1,3
BRDA:25,2,0,4
BRDA:25,2,1,3
BRDA:32,3,0,1
BRDA:32,3,1,2
BRDA:48,4,0,74
BRDA:48,4,1,5
BRDA:48,4,2,3
BRDA:51,5,0,1
BRDA:51,5,1,2
BRDA:55,6,0,1
BRDA:55,6,1,1
BRDA:55,7,0,2
BRDA:55,7,1,2
BRF:15
BRH:15
end_of_record
TN:
SF:/Users/lquaintance/Desktop/open-source/pension-test/src/RuleLoader.js
FN:8,(anonymous_1)
FN:10,(anonymous_2)
FN:32,(anonymous_3)
FN:36,(anonymous_4)
FNF:4
FNH:4
FNDA:2,(anonymous_1)
FNDA:2,(anonymous_2)
FNDA:70,(anonymous_3)
FNDA:15,(anonymous_4)
DA:3,1
DA:4,1
DA:12,2
DA:14,2
DA:16,2
DA:18,70
DA:20,70
DA:29,2
DA:33,70
DA:37,15
DA:38,15
DA:43,1
LF:12
LH:12
BRDA:24,1,0,15
BRDA:24,1,1,55
BRDA:33,2,0,55
BRDA:33,2,1,15
BRF:4
BRH:4
end_of_record
